<?xml version="1.0" encoding="UTF-8" ?>
<testsuite failures="0" time="0.088" errors="0" skipped="0" tests="1" name="net.bbenarbia.service.utils.DateUtilTest">
  <properties>
    <property name="java.runtime.name" value="OpenJDK Runtime Environment"/>
    <property name="sun.boot.library.path" value="/usr/lib/jvm/java-6-openjdk/jre/lib/i386"/>
    <property name="java.vm.version" value="20.0-b12"/>
    <property name="java.vm.vendor" value="Sun Microsystems Inc."/>
    <property name="java.vendor.url" value="http://java.sun.com/"/>
    <property name="path.separator" value=":"/>
    <property name="java.vm.name" value="OpenJDK Server VM"/>
    <property name="file.encoding.pkg" value="sun.io"/>
    <property name="user.country" value="US"/>
    <property name="sun.java.launcher" value="SUN_STANDARD"/>
    <property name="sun.os.patch.level" value="unknown"/>
    <property name="java.vm.specification.name" value="Java Virtual Machine Specification"/>
    <property name="user.dir" value="/opt/work/febrWorkSpace/tassyir/services-layer"/>
    <property name="java.runtime.version" value="1.6.0_24-b24"/>
    <property name="java.awt.graphicsenv" value="sun.awt.X11GraphicsEnvironment"/>
    <property name="basedir" value="/opt/work/febrWorkSpace/tassyir/services-layer"/>
    <property name="java.endorsed.dirs" value="/usr/lib/jvm/java-6-openjdk/jre/lib/endorsed"/>
    <property name="os.arch" value="i386"/>
    <property name="surefire.real.class.path" value="/tmp/surefirebooter8198058345846079933.jar"/>
    <property name="java.io.tmpdir" value="/tmp"/>
    <property name="line.separator" value="
"/>
    <property name="java.vm.specification.vendor" value="Sun Microsystems Inc."/>
    <property name="os.name" value="Linux"/>
    <property name="sun.jnu.encoding" value="UTF-8"/>
    <property name="java.library.path" value="/usr/lib/jvm/java-6-openjdk/jre/lib/i386/server:/usr/lib/jvm/java-6-openjdk/jre/lib/i386:/usr/lib/jvm/java-6-openjdk/jre/../lib/i386:/usr/java/packages/lib/i386:/usr/lib/jni:/lib:/usr/lib"/>
    <property name="surefire.test.class.path" value="/opt/work/febrWorkSpace/tassyir/services-layer/target/test-classes:/opt/work/febrWorkSpace/tassyir/services-layer/target/classes:/opt/work/febrWorkSpace/tassyir/data-layer/target/data-layer-1.0-SNAPSHOT.jar:/home/moad/.m2/repository/org/springframework/spring-core/3.0.5.RELEASE/spring-core-3.0.5.RELEASE.jar:/home/moad/.m2/repository/org/springframework/spring-asm/3.0.5.RELEASE/spring-asm-3.0.5.RELEASE.jar:/home/moad/.m2/repository/org/springframework/spring-jdbc/3.0.5.RELEASE/spring-jdbc-3.0.5.RELEASE.jar:/home/moad/.m2/repository/org/springframework/spring-beans/3.0.5.RELEASE/spring-beans-3.0.5.RELEASE.jar:/home/moad/.m2/repository/org/springframework/spring-tx/3.0.5.RELEASE/spring-tx-3.0.5.RELEASE.jar:/home/moad/.m2/repository/aopalliance/aopalliance/1.0/aopalliance-1.0.jar:/home/moad/.m2/repository/org/springframework/spring-aop/3.0.5.RELEASE/spring-aop-3.0.5.RELEASE.jar:/home/moad/.m2/repository/org/springframework/spring-context/3.0.5.RELEASE/spring-context-3.0.5.RELEASE.jar:/home/moad/.m2/repository/org/springframework/spring-expression/3.0.5.RELEASE/spring-expression-3.0.5.RELEASE.jar:/home/moad/.m2/repository/org/springframework/spring-orm/3.0.5.RELEASE/spring-orm-3.0.5.RELEASE.jar:/home/moad/.m2/repository/org/hibernate/hibernate-core/3.6.10.Final/hibernate-core-3.6.10.Final.jar:/home/moad/.m2/repository/antlr/antlr/2.7.6/antlr-2.7.6.jar:/home/moad/.m2/repository/commons-collections/commons-collections/3.2.1/commons-collections-3.2.1.jar:/home/moad/.m2/repository/dom4j/dom4j/1.6.1/dom4j-1.6.1.jar:/home/moad/.m2/repository/org/hibernate/hibernate-commons-annotations/3.2.0.Final/hibernate-commons-annotations-3.2.0.Final.jar:/home/moad/.m2/repository/org/slf4j/slf4j-api/1.6.1/slf4j-api-1.6.1.jar:/home/moad/.m2/repository/org/hibernate/javax/persistence/hibernate-jpa-2.0-api/1.0.1.Final/hibernate-jpa-2.0-api-1.0.1.Final.jar:/home/moad/.m2/repository/javax/transaction/jta/1.1/jta-1.1.jar:/home/moad/.m2/repository/javassist/javassist/3.8.0.GA/javassist-3.8.0.GA.jar:/home/moad/.m2/repository/joda-time/joda-time/1.6.2/joda-time-1.6.2.jar:/home/moad/.m2/repository/joda-time/joda-time-hibernate/1.3/joda-time-hibernate-1.3.jar:/home/moad/.m2/repository/commons-beanutils/commons-beanutils/1.8.3/commons-beanutils-1.8.3.jar:/home/moad/.m2/repository/commons-lang/commons-lang/2.4/commons-lang-2.4.jar:/home/moad/.m2/repository/org/slf4j/jcl-over-slf4j/1.6.1/jcl-over-slf4j-1.6.1.jar:/home/moad/.m2/repository/ch/qos/logback/logback-classic/0.9.28/logback-classic-0.9.28.jar:/home/moad/.m2/repository/ch/qos/logback/logback-core/0.9.28/logback-core-0.9.28.jar:/home/moad/.m2/repository/javax/servlet/servlet-api/2.5/servlet-api-2.5.jar:/home/moad/.m2/repository/javax/el/el-api/1.0/el-api-1.0.jar:/home/moad/.m2/repository/javax/mail/mail/1.4/mail-1.4.jar:/home/moad/.m2/repository/javax/activation/activation/1.1/activation-1.1.jar:/home/moad/.m2/repository/org/springframework/spring-portlet/2.0.8/spring-portlet-2.0.8.jar:/home/moad/.m2/repository/org/springframework/spring-web/3.0.5.RELEASE/spring-web-3.0.5.RELEASE.jar:/home/moad/.m2/repository/org/springframework/spring-aspects/3.0.5.RELEASE/spring-aspects-3.0.5.RELEASE.jar:/home/moad/.m2/repository/org/springframework/spring-context-support/3.0.5.RELEASE/spring-context-support-3.0.5.RELEASE.jar:/home/moad/.m2/repository/org/springframework/spring-test/3.0.5.RELEASE/spring-test-3.0.5.RELEASE.jar:/home/moad/.m2/repository/org/aspectj/aspectjrt/1.6.8/aspectjrt-1.6.8.jar:/home/moad/.m2/repository/org/aspectj/aspectjweaver/1.6.8/aspectjweaver-1.6.8.jar:/home/moad/.m2/repository/commons-configuration/commons-configuration/1.6/commons-configuration-1.6.jar:/home/moad/.m2/repository/commons-digester/commons-digester/1.8/commons-digester-1.8.jar:/home/moad/.m2/repository/commons-beanutils/commons-beanutils-core/1.8.0/commons-beanutils-core-1.8.0.jar:/home/moad/.m2/repository/commons-httpclient/commons-httpclient/3.0.1/commons-httpclient-3.0.1.jar:/home/moad/.m2/repository/junit/junit/4.8.1/junit-4.8.1.jar:/home/moad/.m2/repository/commons-codec/commons-codec/1.2/commons-codec-1.2.jar:/home/moad/.m2/repository/commons-io/commons-io/1.3.2/commons-io-1.3.2.jar:/home/moad/.m2/repository/org/easymock/easymock/3.0/easymock-3.0.jar:/home/moad/.m2/repository/cglib/cglib-nodep/2.2/cglib-nodep-2.2.jar:/home/moad/.m2/repository/org/objenesis/objenesis/1.2/objenesis-1.2.jar:/home/moad/.m2/repository/org/easymock/easymockclassextension/3.0/easymockclassextension-3.0.jar:/home/moad/.m2/repository/org/unitils/unitils/2.2/unitils-2.2.jar:/home/moad/.m2/repository/commons-dbcp/commons-dbcp/1.2.2/commons-dbcp-1.2.2.jar:/home/moad/.m2/repository/commons-pool/commons-pool/1.3/commons-pool-1.3.jar:/home/moad/.m2/repository/ognl/ognl/2.6.9/ognl-2.6.9.jar:/home/moad/.m2/repository/ant/ant/1.6.5/ant-1.6.5.jar:/home/moad/.m2/repository/org/powermock/powermock-core/1.4.10/powermock-core-1.4.10.jar:/home/moad/.m2/repository/org/powermock/powermock-reflect/1.4.10/powermock-reflect-1.4.10.jar:/home/moad/.m2/repository/org/javassist/javassist/3.15.0-GA/javassist-3.15.0-GA.jar:/home/moad/.m2/repository/org/powermock/powermock-api-easymock/1.4.10/powermock-api-easymock-1.4.10.jar:/home/moad/.m2/repository/org/powermock/powermock-api-support/1.4.10/powermock-api-support-1.4.10.jar:/home/moad/.m2/repository/org/powermock/powermock-module-junit4/1.4.10/powermock-module-junit4-1.4.10.jar:/home/moad/.m2/repository/org/powermock/powermock-module-junit4-common/1.4.10/powermock-module-junit4-common-1.4.10.jar:/home/moad/.m2/repository/org/jdom/jdom/1.1/jdom-1.1.jar:"/>
    <property name="java.specification.name" value="Java Platform API Specification"/>
    <property name="java.class.version" value="50.0"/>
    <property name="sun.management.compiler" value="HotSpot Tiered Compilers"/>
    <property name="os.version" value="3.0.0-12-generic"/>
    <property name="user.home" value="/home/moad"/>
    <property name="user.timezone" value="Europe/Paris"/>
    <property name="java.awt.printerjob" value="sun.print.PSPrinterJob"/>
    <property name="file.encoding" value="UTF-8"/>
    <property name="java.specification.version" value="1.6"/>
    <property name="user.name" value="moad"/>
    <property name="java.class.path" value="/opt/work/febrWorkSpace/tassyir/services-layer/target/test-classes:/opt/work/febrWorkSpace/tassyir/services-layer/target/classes:/opt/work/febrWorkSpace/tassyir/data-layer/target/data-layer-1.0-SNAPSHOT.jar:/home/moad/.m2/repository/org/springframework/spring-core/3.0.5.RELEASE/spring-core-3.0.5.RELEASE.jar:/home/moad/.m2/repository/org/springframework/spring-asm/3.0.5.RELEASE/spring-asm-3.0.5.RELEASE.jar:/home/moad/.m2/repository/org/springframework/spring-jdbc/3.0.5.RELEASE/spring-jdbc-3.0.5.RELEASE.jar:/home/moad/.m2/repository/org/springframework/spring-beans/3.0.5.RELEASE/spring-beans-3.0.5.RELEASE.jar:/home/moad/.m2/repository/org/springframework/spring-tx/3.0.5.RELEASE/spring-tx-3.0.5.RELEASE.jar:/home/moad/.m2/repository/aopalliance/aopalliance/1.0/aopalliance-1.0.jar:/home/moad/.m2/repository/org/springframework/spring-aop/3.0.5.RELEASE/spring-aop-3.0.5.RELEASE.jar:/home/moad/.m2/repository/org/springframework/spring-context/3.0.5.RELEASE/spring-context-3.0.5.RELEASE.jar:/home/moad/.m2/repository/org/springframework/spring-expression/3.0.5.RELEASE/spring-expression-3.0.5.RELEASE.jar:/home/moad/.m2/repository/org/springframework/spring-orm/3.0.5.RELEASE/spring-orm-3.0.5.RELEASE.jar:/home/moad/.m2/repository/org/hibernate/hibernate-core/3.6.10.Final/hibernate-core-3.6.10.Final.jar:/home/moad/.m2/repository/antlr/antlr/2.7.6/antlr-2.7.6.jar:/home/moad/.m2/repository/commons-collections/commons-collections/3.2.1/commons-collections-3.2.1.jar:/home/moad/.m2/repository/dom4j/dom4j/1.6.1/dom4j-1.6.1.jar:/home/moad/.m2/repository/org/hibernate/hibernate-commons-annotations/3.2.0.Final/hibernate-commons-annotations-3.2.0.Final.jar:/home/moad/.m2/repository/org/slf4j/slf4j-api/1.6.1/slf4j-api-1.6.1.jar:/home/moad/.m2/repository/org/hibernate/javax/persistence/hibernate-jpa-2.0-api/1.0.1.Final/hibernate-jpa-2.0-api-1.0.1.Final.jar:/home/moad/.m2/repository/javax/transaction/jta/1.1/jta-1.1.jar:/home/moad/.m2/repository/javassist/javassist/3.8.0.GA/javassist-3.8.0.GA.jar:/home/moad/.m2/repository/joda-time/joda-time/1.6.2/joda-time-1.6.2.jar:/home/moad/.m2/repository/joda-time/joda-time-hibernate/1.3/joda-time-hibernate-1.3.jar:/home/moad/.m2/repository/commons-beanutils/commons-beanutils/1.8.3/commons-beanutils-1.8.3.jar:/home/moad/.m2/repository/commons-lang/commons-lang/2.4/commons-lang-2.4.jar:/home/moad/.m2/repository/org/slf4j/jcl-over-slf4j/1.6.1/jcl-over-slf4j-1.6.1.jar:/home/moad/.m2/repository/ch/qos/logback/logback-classic/0.9.28/logback-classic-0.9.28.jar:/home/moad/.m2/repository/ch/qos/logback/logback-core/0.9.28/logback-core-0.9.28.jar:/home/moad/.m2/repository/javax/servlet/servlet-api/2.5/servlet-api-2.5.jar:/home/moad/.m2/repository/javax/el/el-api/1.0/el-api-1.0.jar:/home/moad/.m2/repository/javax/mail/mail/1.4/mail-1.4.jar:/home/moad/.m2/repository/javax/activation/activation/1.1/activation-1.1.jar:/home/moad/.m2/repository/org/springframework/spring-portlet/2.0.8/spring-portlet-2.0.8.jar:/home/moad/.m2/repository/org/springframework/spring-web/3.0.5.RELEASE/spring-web-3.0.5.RELEASE.jar:/home/moad/.m2/repository/org/springframework/spring-aspects/3.0.5.RELEASE/spring-aspects-3.0.5.RELEASE.jar:/home/moad/.m2/repository/org/springframework/spring-context-support/3.0.5.RELEASE/spring-context-support-3.0.5.RELEASE.jar:/home/moad/.m2/repository/org/springframework/spring-test/3.0.5.RELEASE/spring-test-3.0.5.RELEASE.jar:/home/moad/.m2/repository/org/aspectj/aspectjrt/1.6.8/aspectjrt-1.6.8.jar:/home/moad/.m2/repository/org/aspectj/aspectjweaver/1.6.8/aspectjweaver-1.6.8.jar:/home/moad/.m2/repository/commons-configuration/commons-configuration/1.6/commons-configuration-1.6.jar:/home/moad/.m2/repository/commons-digester/commons-digester/1.8/commons-digester-1.8.jar:/home/moad/.m2/repository/commons-beanutils/commons-beanutils-core/1.8.0/commons-beanutils-core-1.8.0.jar:/home/moad/.m2/repository/commons-httpclient/commons-httpclient/3.0.1/commons-httpclient-3.0.1.jar:/home/moad/.m2/repository/junit/junit/4.8.1/junit-4.8.1.jar:/home/moad/.m2/repository/commons-codec/commons-codec/1.2/commons-codec-1.2.jar:/home/moad/.m2/repository/commons-io/commons-io/1.3.2/commons-io-1.3.2.jar:/home/moad/.m2/repository/org/easymock/easymock/3.0/easymock-3.0.jar:/home/moad/.m2/repository/cglib/cglib-nodep/2.2/cglib-nodep-2.2.jar:/home/moad/.m2/repository/org/objenesis/objenesis/1.2/objenesis-1.2.jar:/home/moad/.m2/repository/org/easymock/easymockclassextension/3.0/easymockclassextension-3.0.jar:/home/moad/.m2/repository/org/unitils/unitils/2.2/unitils-2.2.jar:/home/moad/.m2/repository/commons-dbcp/commons-dbcp/1.2.2/commons-dbcp-1.2.2.jar:/home/moad/.m2/repository/commons-pool/commons-pool/1.3/commons-pool-1.3.jar:/home/moad/.m2/repository/ognl/ognl/2.6.9/ognl-2.6.9.jar:/home/moad/.m2/repository/ant/ant/1.6.5/ant-1.6.5.jar:/home/moad/.m2/repository/org/powermock/powermock-core/1.4.10/powermock-core-1.4.10.jar:/home/moad/.m2/repository/org/powermock/powermock-reflect/1.4.10/powermock-reflect-1.4.10.jar:/home/moad/.m2/repository/org/javassist/javassist/3.15.0-GA/javassist-3.15.0-GA.jar:/home/moad/.m2/repository/org/powermock/powermock-api-easymock/1.4.10/powermock-api-easymock-1.4.10.jar:/home/moad/.m2/repository/org/powermock/powermock-api-support/1.4.10/powermock-api-support-1.4.10.jar:/home/moad/.m2/repository/org/powermock/powermock-module-junit4/1.4.10/powermock-module-junit4-1.4.10.jar:/home/moad/.m2/repository/org/powermock/powermock-module-junit4-common/1.4.10/powermock-module-junit4-common-1.4.10.jar:/home/moad/.m2/repository/org/jdom/jdom/1.1/jdom-1.1.jar:"/>
    <property name="java.vm.specification.version" value="1.0"/>
    <property name="sun.arch.data.model" value="32"/>
    <property name="java.home" value="/usr/lib/jvm/java-6-openjdk/jre"/>
    <property name="sun.java.command" value="/tmp/surefirebooter8198058345846079933.jar /tmp/surefire8308872260843484056tmp /tmp/surefire2161839435731889258tmp"/>
    <property name="java.specification.vendor" value="Sun Microsystems Inc."/>
    <property name="user.language" value="en"/>
    <property name="java.vm.info" value="mixed mode"/>
    <property name="java.version" value="1.6.0_24"/>
    <property name="java.ext.dirs" value="/usr/lib/jvm/java-6-openjdk/jre/lib/ext:/usr/java/packages/lib/ext"/>
    <property name="sun.boot.class.path" value="/usr/lib/jvm/java-6-openjdk/jre/lib/resources.jar:/usr/lib/jvm/java-6-openjdk/jre/lib/rt.jar:/usr/lib/jvm/java-6-openjdk/jre/lib/sunrsasign.jar:/usr/lib/jvm/java-6-openjdk/jre/lib/jsse.jar:/usr/lib/jvm/java-6-openjdk/jre/lib/jce.jar:/usr/lib/jvm/java-6-openjdk/jre/lib/charsets.jar:/usr/lib/jvm/java-6-openjdk/jre/lib/netx.jar:/usr/lib/jvm/java-6-openjdk/jre/lib/plugin.jar:/usr/lib/jvm/java-6-openjdk/jre/lib/rhino.jar:/usr/lib/jvm/java-6-openjdk/jre/lib/modules/jdk.boot.jar:/usr/lib/jvm/java-6-openjdk/jre/classes"/>
    <property name="java.vendor" value="Sun Microsystems Inc."/>
    <property name="localRepository" value="/home/moad/.m2/repository"/>
    <property name="file.separator" value="/"/>
    <property name="java.vendor.url.bug" value="http://java.sun.com/cgi-bin/bugreport.cgi"/>
    <property name="sun.cpu.endian" value="little"/>
    <property name="sun.io.unicode.encoding" value="UnicodeLittle"/>
    <property name="sun.desktop" value="gnome"/>
    <property name="sun.cpu.isalist" value=""/>
  </properties>
  <testcase time="0.085" classname="net.bbenarbia.service.utils.DateUtilTest" name="testAreEqualsWithEquality"/>
</testsuite>